[    22.713] (--) Log file renamed from "/home/med/.local/share/xorg/Xorg.pid-1514.log" to "/home/med/.local/share/xorg/Xorg.0.log"
[    22.715] 
X.Org X Server 1.20.13
X Protocol Version 11, Revision 0
[    22.715] Build Operating System: linux Ubuntu
[    22.715] Current Operating System: Linux ubuntu 5.15.0-136-generic #147~20.04.1-Ubuntu SMP Wed Mar 19 16:13:14 UTC 2025 x86_64
[    22.715] Kernel command line: BOOT_IMAGE=/boot/vmlinuz-5.15.0-136-generic root=UUID=0bfa7859-7902-4ca6-9417-4bd1a2fd3733 ro find_preseed=/preseed.cfg auto noprompt priority=critical locale=en_US quiet
[    22.717] Build Date: 07 February 2023  12:48:13PM
[    22.717] xorg-server 2:1.20.13-1ubuntu1~20.04.6 (For technical support please see http://www.ubuntu.com/support) 
[    22.717] Current version of pixman: 0.38.4
[    22.717] 	Before reporting problems, check http://wiki.x.org
	to make sure that you have the latest version.
[    22.717] Markers: (--) probed, (**) from config file, (==) default setting,
	(++) from command line, (!!) notice, (II) informational,
	(WW) warning, (EE) error, (NI) not implemented, (??) unknown.
[    22.718] (==) Log file: "/home/med/.local/share/xorg/Xorg.0.log", Time: Tue Apr 15 02:33:59 2025
[    22.725] (==) Using system config directory "/usr/share/X11/xorg.conf.d"
[    22.732] (==) No Layout section.  Using the first Screen section.
[    22.732] (==) No screen section available. Using defaults.
[    22.732] (**) |-->Screen "Default Screen Section" (0)
[    22.733] (**) |   |-->Monitor "<default monitor>"
[    22.735] (==) No monitor specified for screen "Default Screen Section".
	Using a default monitor configuration.
[    22.735] (==) Automatically adding devices
[    22.735] (==) Automatically enabling devices
[    22.736] (==) Automatically adding GPU devices
[    22.736] (==) Automatically binding GPU devices
[    22.736] (==) Max clients allowed: 256, resource mask: 0x1fffff
[    22.737] (WW) The directory "/usr/share/fonts/X11/cyrillic" does not exist.
[    22.737] 	Entry deleted from font path.
[    22.737] (WW) The directory "/usr/share/fonts/X11/100dpi/" does not exist.
[    22.737] 	Entry deleted from font path.
[    22.737] (WW) The directory "/usr/share/fonts/X11/75dpi/" does not exist.
[    22.737] 	Entry deleted from font path.
[    22.737] (WW) The directory "/usr/share/fonts/X11/100dpi" does not exist.
[    22.737] 	Entry deleted from font path.
[    22.737] (WW) The directory "/usr/share/fonts/X11/75dpi" does not exist.
[    22.737] 	Entry deleted from font path.
[    22.737] (==) FontPath set to:
	/usr/share/fonts/X11/misc,
	/usr/share/fonts/X11/Type1,
	built-ins
[    22.738] (==) ModulePath set to "/usr/lib/xorg/modules"
[    22.738] (II) The server relies on udev to provide the list of input devices.
	If no devices become available, reconfigure udev or disable AutoAddDevices.
[    22.738] (II) Loader magic: 0x55f9285e0020
[    22.738] (II) Module ABI versions:
[    22.738] 	X.Org ANSI C Emulation: 0.4
[    22.738] 	X.Org Video Driver: 24.1
[    22.738] 	X.Org XInput driver : 24.1
[    22.738] 	X.Org Server Extension : 10.0
[    22.740] (++) using VT number 2

[    22.742] (II) systemd-logind: took control of session /org/freedesktop/login1/session/_32
[    22.744] (II) xfree86: Adding drm device (/dev/dri/card0)
[    22.746] (II) systemd-logind: got fd for /dev/dri/card0 226:0 fd 12 paused 0
[    22.766] (--) PCI:*(0@0:15:0) 15ad:0405:15ad:0405 rev 0, Mem @ 0xe8000000/134217728, 0xfe000000/8388608, I/O @ 0x00001070/16, BIOS @ 0x????????/131072
[    22.766] (II) LoadModule: "glx"
[    22.769] (II) Loading /usr/lib/xorg/modules/extensions/libglx.so
[    22.781] (II) Module glx: vendor="X.Org Foundation"
[    22.781] 	compiled for 1.20.13, module version = 1.0.0
[    22.781] 	ABI class: X.Org Server Extension, version 10.0
[    22.781] (==) Matched vmware as autoconfigured driver 0
[    22.781] (==) Matched modesetting as autoconfigured driver 1
[    22.781] (==) Matched fbdev as autoconfigured driver 2
[    22.781] (==) Matched vesa as autoconfigured driver 3
[    22.781] (==) Assigned the driver to the xf86ConfigLayout
[    22.781] (II) LoadModule: "vmware"
[    22.781] (II) Loading /usr/lib/xorg/modules/drivers/vmware_drv.so
[    23.339] (II) Module vmware: vendor="X.Org Foundation"
[    23.339] 	compiled for 1.20.8, module version = 13.3.0
[    23.339] 	Module class: X.Org Video Driver
[    23.339] 	ABI class: X.Org Video Driver, version 24.1
[    23.339] (II) LoadModule: "modesetting"
[    23.339] (II) Loading /usr/lib/xorg/modules/drivers/modesetting_drv.so
[    23.341] (II) Module modesetting: vendor="X.Org Foundation"
[    23.341] 	compiled for 1.20.13, module version = 1.20.13
[    23.341] 	Module class: X.Org Video Driver
[    23.341] 	ABI class: X.Org Video Driver, version 24.1
[    23.341] (II) LoadModule: "fbdev"
[    23.341] (II) Loading /usr/lib/xorg/modules/drivers/fbdev_drv.so
[    23.342] (II) Module fbdev: vendor="X.Org Foundation"
[    23.342] 	compiled for 1.20.1, module version = 0.5.0
[    23.342] 	Module class: X.Org Video Driver
[    23.342] 	ABI class: X.Org Video Driver, version 24.0
[    23.343] (II) LoadModule: "vesa"
[    23.343] (II) Loading /usr/lib/xorg/modules/drivers/vesa_drv.so
[    23.344] (II) Module vesa: vendor="X.Org Foundation"
[    23.344] 	compiled for 1.20.4, module version = 2.4.0
[    23.344] 	Module class: X.Org Video Driver
[    23.344] 	ABI class: X.Org Video Driver, version 24.0
[    23.344] (II) vmware: driver for VMware SVGA: vmware0405, vmware0710
[    23.344] (II) modesetting: Driver for Modesetting Kernel Drivers: kms
[    23.344] (II) FBDEV: driver for framebuffer: fbdev
[    23.344] (II) VESA: driver for VESA chipsets: vesa
[    23.344] xf86EnableIOPorts: failed to set IOPL for I/O (Operation not permitted)
[    23.344] (WW) Falling back to old probe method for modesetting
[    23.345] (WW) Falling back to old probe method for fbdev
[    23.345] (II) Loading sub module "fbdevhw"
[    23.345] (II) LoadModule: "fbdevhw"
[    23.345] (II) Loading /usr/lib/xorg/modules/libfbdevhw.so
[    23.345] (II) Module fbdevhw: vendor="X.Org Foundation"
[    23.345] 	compiled for 1.20.13, module version = 0.0.2
[    23.345] 	ABI class: X.Org Video Driver, version 24.1
[    23.345] (EE) open /dev/fb0: Permission denied
[    23.346] (WW) VGA arbiter: cannot open kernel arbiter, no multi-card support
[    23.346] (II) vmware(0): Creating default Display subsection in Screen section
	"Default Screen Section" for depth/fbbpp 24/32
[    23.346] (--) vmware(0): DRM driver version is 2.19.0
[    23.346] (==) vmware(0): Depth 24, (--) framebuffer bpp 32
[    23.346] (==) vmware(0): RGB weight 888
[    23.346] (==) vmware(0): Default visual is TrueColor
[    23.346] (--) vmware(0): Min width 1, Max Width 16384.
[    23.346] (--) vmware(0): Min height 1, Max Height 16384.
[    23.346] (II) vmware(0): Output Virtual1 has no monitor section
[    23.346] (II) vmware(0): Output Virtual2 has no monitor section
[    23.346] (II) vmware(0): Output Virtual3 has no monitor section
[    23.346] (II) vmware(0): Output Virtual4 has no monitor section
[    23.346] (II) vmware(0): Output Virtual5 has no monitor section
[    23.346] (II) vmware(0): Output Virtual6 has no monitor section
[    23.346] (II) vmware(0): Output Virtual7 has no monitor section
[    23.346] (II) vmware(0): Output Virtual8 has no monitor section
[    23.346] (II) vmware(0): Printing probed modes for output Virtual1
[    23.346] (II) vmware(0): Modeline "1533x855"x60.0  101.48  1533 1583 1633 1683  855 905 955 1005 -hsync +vsync (60.3 kHz eP)
[    23.346] (II) vmware(0): Modeline "3840x2400"x60.0  592.25  3840 3888 3920 4000  2400 2403 2409 2469 +hsync -vsync (148.1 kHz e)
[    23.346] (II) vmware(0): Modeline "3840x2160"x60.0  533.00  3840 3888 3920 4000  2160 2163 2168 2222 +hsync -vsync (133.2 kHz e)
[    23.346] (II) vmware(0): Modeline "2880x1800"x59.9  337.50  2880 2928 2960 3040  1800 1803 1809 1852 +hsync -vsync (111.0 kHz e)
[    23.346] (II) vmware(0): Modeline "2560x1600"x60.0  348.50  2560 2752 3032 3504  1600 1603 1609 1658 -hsync +vsync (99.5 kHz e)
[    23.346] (II) vmware(0): Modeline "2560x1440"x60.0  241.50  2560 2608 2640 2720  1440 1443 1448 1481 +hsync -vsync (88.8 kHz e)
[    23.346] (II) vmware(0): Modeline "1920x1440"x60.0  234.00  1920 2048 2256 2600  1440 1441 1444 1500 -hsync +vsync (90.0 kHz e)
[    23.346] (II) vmware(0): Modeline "1856x1392"x60.0  218.25  1856 1952 2176 2528  1392 1393 1396 1439 -hsync +vsync (86.3 kHz e)
[    23.346] (II) vmware(0): Modeline "1792x1344"x60.0  204.75  1792 1920 2120 2448  1344 1345 1348 1394 -hsync +vsync (83.6 kHz e)
[    23.346] (II) vmware(0): Modeline "1920x1200"x59.9  193.25  1920 2056 2256 2592  1200 1203 1209 1245 -hsync +vsync (74.6 kHz e)
[    23.346] (II) vmware(0): Modeline "1920x1080"x60.0  173.00  1920 2048 2248 2576  1080 1083 1088 1120 -hsync +vsync (67.2 kHz e)
[    23.346] (II) vmware(0): Modeline "1600x1200"x60.0  162.00  1600 1664 1856 2160  1200 1201 1204 1250 +hsync +vsync (75.0 kHz e)
[    23.346] (II) vmware(0): Modeline "1680x1050"x60.0  146.25  1680 1784 1960 2240  1050 1053 1059 1089 -hsync +vsync (65.3 kHz e)
[    23.346] (II) vmware(0): Modeline "1400x1050"x60.0  121.75  1400 1488 1632 1864  1050 1053 1057 1089 -hsync +vsync (65.3 kHz e)
[    23.346] (II) vmware(0): Modeline "1280x1024"x60.0  108.00  1280 1328 1440 1688  1024 1025 1028 1066 +hsync +vsync (64.0 kHz e)
[    23.346] (II) vmware(0): Modeline "1440x900"x59.9  106.50  1440 1520 1672 1904  900 903 909 934 -hsync +vsync (55.9 kHz e)
[    23.346] (II) vmware(0): Modeline "1280x960"x60.0  108.00  1280 1376 1488 1800  960 961 964 1000 +hsync +vsync (60.0 kHz e)
[    23.346] (II) vmware(0): Modeline "1360x768"x60.0   85.50  1360 1424 1536 1792  768 771 777 795 +hsync +vsync (47.7 kHz e)
[    23.346] (II) vmware(0): Modeline "1280x800"x59.8   83.50  1280 1352 1480 1680  800 803 809 831 +hsync -vsync (49.7 kHz e)
[    23.346] (II) vmware(0): Modeline "1152x864"x75.0  108.00  1152 1216 1344 1600  864 865 868 900 +hsync +vsync (67.5 kHz e)
[    23.346] (II) vmware(0): Modeline "1280x768"x59.9   79.50  1280 1344 1472 1664  768 771 778 798 -hsync +vsync (47.8 kHz e)
[    23.346] (II) vmware(0): Modeline "1280x720"x59.9   74.50  1280 1344 1472 1664  720 723 728 748 -hsync +vsync (44.8 kHz e)
[    23.346] (II) vmware(0): Modeline "1024x768"x60.0   65.00  1024 1048 1184 1344  768 771 777 806 -hsync -vsync (48.4 kHz e)
[    23.346] (II) vmware(0): Modeline "800x600"x60.3   40.00  800 840 968 1056  600 601 605 628 +hsync +vsync (37.9 kHz e)
[    23.346] (II) vmware(0): Modeline "640x480"x59.9   25.18  640 656 752 800  480 489 492 525 -hsync -vsync (31.5 kHz e)
[    23.346] (II) vmware(0): EDID for output Virtual2
[    23.346] (II) vmware(0): EDID for output Virtual3
[    23.346] (II) vmware(0): EDID for output Virtual4
[    23.346] (II) vmware(0): EDID for output Virtual5
[    23.346] (II) vmware(0): EDID for output Virtual6
[    23.346] (II) vmware(0): EDID for output Virtual7
[    23.346] (II) vmware(0): EDID for output Virtual8
[    23.346] (II) vmware(0): Output Virtual1 connected
[    23.346] (II) vmware(0): Output Virtual2 disconnected
[    23.346] (II) vmware(0): Output Virtual3 disconnected
[    23.346] (II) vmware(0): Output Virtual4 disconnected
[    23.346] (II) vmware(0): Output Virtual5 disconnected
[    23.346] (II) vmware(0): Output Virtual6 disconnected
[    23.346] (II) vmware(0): Output Virtual7 disconnected
[    23.346] (II) vmware(0): Output Virtual8 disconnected
[    23.346] (II) vmware(0): Using exact sizes for initial modes
[    23.346] (II) vmware(0): Output Virtual1 using initial mode 1533x855 +0+0
[    23.346] (==) vmware(0): DPI set to (96, 96)
[    23.346] (==) vmware(0): Using gamma correction (1.0, 1.0, 1.0)
[    23.346] (II) Loading sub module "fb"
[    23.346] (II) LoadModule: "fb"
[    23.346] (II) Loading /usr/lib/xorg/modules/libfb.so
[    23.348] (II) Module fb: vendor="X.Org Foundation"
[    23.348] 	compiled for 1.20.13, module version = 1.0.0
[    23.348] 	ABI class: X.Org ANSI C Emulation, version 0.4
[    23.348] (II) Loading sub module "dri2"
[    23.348] (II) LoadModule: "dri2"
[    23.348] (II) Module "dri2" already built-in
[    23.348] (II) Loading sub module "dri3"
[    23.348] (II) LoadModule: "dri3"
[    23.348] (II) Module "dri3" already built-in
[    23.348] (II) UnloadModule: "modesetting"
[    23.348] (II) Unloading modesetting
[    23.348] (II) UnloadModule: "fbdev"
[    23.348] (II) Unloading fbdev
[    23.348] (II) UnloadSubModule: "fbdevhw"
[    23.348] (II) Unloading fbdevhw
[    23.348] (II) UnloadModule: "vesa"
[    23.348] (II) Unloading vesa
[    23.349] (II) vmware(0): Initialized VMWARE_CTRL extension version 0.2
[    23.369] (II) vmware(0): Gallium3D XA version: 2.5.0.
[    23.369] (II) vmware(0): Path of drm device is "/dev/dri/card0".
[    23.369] (II) vmware(0): [DRI2] Setup complete
[    23.369] (II) vmware(0): [DRI2]   DRI driver: vmwgfx
[    23.608] (--) vmware(0): Render acceleration is enabled.
[    23.608] (==) vmware(0): Rendercheck mode is disabled.
[    23.608] (--) vmware(0): Direct rendering (DRI2 3D) is enabled.
[    23.608] (--) vmware(0): Direct rendering (DRI3 3D) is enabled.
[    23.608] (==) vmware(0): Direct presents are disabled.
[    23.608] (==) vmware(0): Hardware only presents are automatic per scanout.
[    23.608] (==) vmware(0): Backing store enabled
[    23.608] (==) vmware(0): Silken mouse enabled
[    23.611] (==) vmware(0): DPMS enabled
[    23.611] (II) Initializing extension Generic Event Extension
[    23.611] (II) Initializing extension SHAPE
[    23.611] (II) Initializing extension MIT-SHM
[    23.611] (II) Initializing extension XInputExtension
[    23.614] (II) Initializing extension XTEST
[    23.615] (II) Initializing extension BIG-REQUESTS
[    23.615] (II) Initializing extension SYNC
[    23.615] (II) Initializing extension XKEYBOARD
[    23.615] (II) Initializing extension XC-MISC
[    23.615] (II) Initializing extension SECURITY
[    23.615] (II) Initializing extension XFIXES
[    23.615] (II) Initializing extension RENDER
[    23.615] (II) Initializing extension RANDR
[    23.616] (II) Initializing extension COMPOSITE
[    23.616] (II) Initializing extension DAMAGE
[    23.616] (II) Initializing extension MIT-SCREEN-SAVER
[    23.616] (II) Initializing extension DOUBLE-BUFFER
[    23.616] (II) Initializing extension RECORD
[    23.616] (II) Initializing extension DPMS
[    23.616] (II) Initializing extension Present
[    23.616] (II) Initializing extension DRI3
[    23.616] (II) Initializing extension X-Resource
[    23.616] (II) Initializing extension XVideo
[    23.616] (II) Initializing extension XVideo-MotionCompensation
[    23.616] (II) Initializing extension SELinux
[    23.616] (II) SELinux: Disabled on system
[    23.616] (II) Initializing extension GLX
[    23.638] (II) AIGLX: Loaded and initialized vmwgfx
[    23.638] (II) GLX: Initialized DRI2 GL provider for screen 0
[    23.638] (II) Initializing extension XFree86-VidModeExtension
[    23.639] (II) Initializing extension XFree86-DGA
[    23.639] (II) Initializing extension XFree86-DRI
[    23.639] (II) Initializing extension DRI2
[    23.660] (II) vmware(0): Setting screen physical size to 405 x 226
[    23.736] (II) config/udev: Adding input device Power Button (/dev/input/event0)
[    23.736] (**) Power Button: Applying InputClass "libinput keyboard catchall"
[    23.736] (II) LoadModule: "libinput"
[    23.736] (II) Loading /usr/lib/xorg/modules/input/libinput_drv.so
[    23.742] (II) Module libinput: vendor="X.Org Foundation"
[    23.742] 	compiled for 1.20.4, module version = 0.29.0
[    23.742] 	Module class: X.Org XInput Driver
[    23.742] 	ABI class: X.Org XInput driver, version 24.1
[    23.742] (II) Using input driver 'libinput' for 'Power Button'
[    23.744] (II) systemd-logind: got fd for /dev/input/event0 13:64 fd 24 paused 0
[    23.744] (**) Power Button: always reports core events
[    23.745] (**) Option "Device" "/dev/input/event0"
[    23.745] (**) Option "_source" "server/udev"
[    23.748] (II) event0  - Power Button: is tagged by udev as: Keyboard
[    23.748] (II) event0  - Power Button: device is a keyboard
[    23.748] (II) event0  - Power Button: device removed
[    23.748] (**) Option "config_info" "udev:/sys/devices/LNXSYSTM:00/LNXPWRBN:00/input/input0/event0"
[    23.748] (II) XINPUT: Adding extended input device "Power Button" (type: KEYBOARD, id 6)
[    23.748] (**) Option "xkb_model" "SKIP"
[    23.748] (**) Option "xkb_layout" "us"
[    23.803] (II) event0  - Power Button: is tagged by udev as: Keyboard
[    23.803] (II) event0  - Power Button: device is a keyboard
[    23.804] (II) config/udev: Adding input device VMware VMware Virtual USB Mouse (/dev/input/event4)
[    23.804] (**) VMware VMware Virtual USB Mouse: Applying InputClass "libinput pointer catchall"
[    23.804] (II) Using input driver 'libinput' for 'VMware VMware Virtual USB Mouse'
[    23.864] (II) systemd-logind: got fd for /dev/input/event4 13:68 fd 27 paused 0
[    23.864] (**) VMware VMware Virtual USB Mouse: always reports core events
[    23.864] (**) Option "Device" "/dev/input/event4"
[    23.864] (**) Option "_source" "server/udev"
[    23.867] (II) event4  - VMware VMware Virtual USB Mouse: is tagged by udev as: Mouse
[    23.867] (II) event4  - VMware VMware Virtual USB Mouse: device is a pointer
[    23.869] (II) event4  - VMware VMware Virtual USB Mouse: device removed
[    23.869] (**) Option "config_info" "udev:/sys/devices/pci0000:00/0000:00:11.0/0000:02:00.0/usb2/2-1/2-1:1.0/0003:0E0F:0003.0001/input/input5/event4"
[    23.869] (II) XINPUT: Adding extended input device "VMware VMware Virtual USB Mouse" (type: MOUSE, id 7)
[    23.869] (**) Option "AccelerationScheme" "none"
[    23.869] (**) VMware VMware Virtual USB Mouse: (accel) selected scheme none/0
[    23.870] (**) VMware VMware Virtual USB Mouse: (accel) acceleration factor: 2.000
[    23.870] (**) VMware VMware Virtual USB Mouse: (accel) acceleration threshold: 4
[    23.872] (II) event4  - VMware VMware Virtual USB Mouse: is tagged by udev as: Mouse
[    23.872] (II) event4  - VMware VMware Virtual USB Mouse: device is a pointer
[    23.875] (II) config/udev: Adding input device VMware VMware Virtual USB Mouse (/dev/input/mouse2)
[    23.875] (II) No input driver specified, ignoring this device.
[    23.875] (II) This device may have been added with another device file.
[    23.877] (II) config/udev: Adding input device AT Translated Set 2 keyboard (/dev/input/event1)
[    23.877] (**) AT Translated Set 2 keyboard: Applying InputClass "libinput keyboard catchall"
[    23.877] (II) Using input driver 'libinput' for 'AT Translated Set 2 keyboard'
[    23.879] (II) systemd-logind: got fd for /dev/input/event1 13:65 fd 28 paused 0
[    23.879] (**) AT Translated Set 2 keyboard: always reports core events
[    23.879] (**) Option "Device" "/dev/input/event1"
[    23.879] (**) Option "_source" "server/udev"
[    23.881] (II) event1  - AT Translated Set 2 keyboard: is tagged by udev as: Keyboard
[    23.881] (II) event1  - AT Translated Set 2 keyboard: device is a keyboard
[    23.882] (II) event1  - AT Translated Set 2 keyboard: device removed
[    23.883] (**) Option "config_info" "udev:/sys/devices/platform/i8042/serio0/input/input1/event1"
[    23.883] (II) XINPUT: Adding extended input device "AT Translated Set 2 keyboard" (type: KEYBOARD, id 8)
[    23.883] (**) Option "xkb_model" "SKIP"
[    23.883] (**) Option "xkb_layout" "us"
[    23.884] (II) event1  - AT Translated Set 2 keyboard: is tagged by udev as: Keyboard
[    23.885] (II) event1  - AT Translated Set 2 keyboard: device is a keyboard
[    23.885] (II) config/udev: Adding input device VirtualPS/2 VMware VMMouse (/dev/input/event3)
[    23.885] (**) VirtualPS/2 VMware VMMouse: Applying InputClass "libinput pointer catchall"
[    23.885] (II) Using input driver 'libinput' for 'VirtualPS/2 VMware VMMouse'
[    23.887] (II) systemd-logind: got fd for /dev/input/event3 13:67 fd 29 paused 0
[    23.887] (**) VirtualPS/2 VMware VMMouse: always reports core events
[    23.887] (**) Option "Device" "/dev/input/event3"
[    23.888] (**) Option "_source" "server/udev"
[    23.889] (II) event3  - VirtualPS/2 VMware VMMouse: is tagged by udev as: Mouse
[    23.890] (II) event3  - VirtualPS/2 VMware VMMouse: device is a pointer
[    23.891] (II) event3  - VirtualPS/2 VMware VMMouse: device removed
[    23.891] (**) Option "config_info" "udev:/sys/devices/platform/i8042/serio1/input/input3/event3"
[    23.891] (II) XINPUT: Adding extended input device "VirtualPS/2 VMware VMMouse" (type: MOUSE, id 9)
[    23.892] (**) Option "AccelerationScheme" "none"
[    23.892] (**) VirtualPS/2 VMware VMMouse: (accel) selected scheme none/0
[    23.892] (**) VirtualPS/2 VMware VMMouse: (accel) acceleration factor: 2.000
[    23.892] (**) VirtualPS/2 VMware VMMouse: (accel) acceleration threshold: 4
[    23.893] (II) event3  - VirtualPS/2 VMware VMMouse: is tagged by udev as: Mouse
[    23.894] (II) event3  - VirtualPS/2 VMware VMMouse: device is a pointer
[    23.895] (II) config/udev: Adding input device VirtualPS/2 VMware VMMouse (/dev/input/mouse1)
[    23.895] (II) No input driver specified, ignoring this device.
[    23.895] (II) This device may have been added with another device file.
[    23.896] (II) config/udev: Adding input device VirtualPS/2 VMware VMMouse (/dev/input/event2)
[    23.896] (**) VirtualPS/2 VMware VMMouse: Applying InputClass "libinput pointer catchall"
[    23.896] (II) Using input driver 'libinput' for 'VirtualPS/2 VMware VMMouse'
[    23.897] (II) systemd-logind: got fd for /dev/input/event2 13:66 fd 30 paused 0
[    23.897] (**) VirtualPS/2 VMware VMMouse: always reports core events
[    23.897] (**) Option "Device" "/dev/input/event2"
[    23.897] (**) Option "_source" "server/udev"
[    23.899] (II) event2  - VirtualPS/2 VMware VMMouse: is tagged by udev as: Mouse
[    23.900] (II) event2  - VirtualPS/2 VMware VMMouse: device is a pointer
[    23.900] (II) event2  - VirtualPS/2 VMware VMMouse: device removed
[    23.901] (**) Option "config_info" "udev:/sys/devices/platform/i8042/serio1/input/input4/event2"
[    23.901] (II) XINPUT: Adding extended input device "VirtualPS/2 VMware VMMouse" (type: MOUSE, id 10)
[    23.901] (**) Option "AccelerationScheme" "none"
[    23.901] (**) VirtualPS/2 VMware VMMouse: (accel) selected scheme none/0
[    23.901] (**) VirtualPS/2 VMware VMMouse: (accel) acceleration factor: 2.000
[    23.901] (**) VirtualPS/2 VMware VMMouse: (accel) acceleration threshold: 4
[    23.903] (II) event2  - VirtualPS/2 VMware VMMouse: is tagged by udev as: Mouse
[    23.904] (II) event2  - VirtualPS/2 VMware VMMouse: device is a pointer
[    23.904] (II) config/udev: Adding input device VirtualPS/2 VMware VMMouse (/dev/input/mouse0)
[    23.904] (II) No input driver specified, ignoring this device.
[    23.904] (II) This device may have been added with another device file.
[   148.232] (!!) vmware(0): New layout.
[   148.232] (!!) vmware(0): 0: 0 0 569 851
[   148.232] (!!) vmware(0): 
[   154.613] (!!) vmware(0): New layout.
[   154.613] (!!) vmware(0): 0: 0 0 954 851
[   154.613] (!!) vmware(0): 
