0 verbose cli /home/med/.nvm/versions/node/v20.19.0/bin/node /home/med/.nvm/versions/node/v20.19.0/bin/npm
1 info using npm@10.8.2
2 info using node@v20.19.0
3 silly config load:file:/home/med/.nvm/versions/node/v20.19.0/lib/node_modules/npm/npmrc
4 silly config load:file:/home/med/my-public-site/.npmrc
5 silly config load:file:/home/med/.npmrc
6 silly config load:file:/home/med/.nvm/versions/node/v20.19.0/etc/npmrc
7 verbose title npm install react-router-dom
8 verbose argv "install" "react-router-dom"
9 verbose logfile logs-max:10 dir:/home/med/.npm/_logs/2025-04-15T09_43_56_837Z-
10 verbose logfile /home/med/.npm/_logs/2025-04-15T09_43_56_837Z-debug-0.log
11 silly packumentCache heap:2082471936 maxSize:520617984 maxEntrySize:260308992
12 silly logfile done cleaning log files
13 silly idealTree buildDeps
14 silly fetch manifest react-router-dom@*
15 silly packumentCache full:https://registry.npmjs.org/react-router-dom cache-miss
16 verbose shrinkwrap failed to load node_modules/.package-lock.json out of date, updated: node_modules
17 http fetch GET 200 https://registry.npmjs.org/react-router-dom 470ms (cache miss)
18 silly packumentCache full:https://registry.npmjs.org/react-router-dom set size:undefined disposed:false
19 silly fetch manifest react@^19.0.0
20 silly packumentCache full:https://registry.npmjs.org/react cache-miss
21 http fetch GET 200 https://registry.npmjs.org/react 31ms (cache hit)
22 silly packumentCache full:https://registry.npmjs.org/react set size:5606165 disposed:false
23 silly fetch manifest react-dom@^19.0.0
24 silly packumentCache full:https://registry.npmjs.org/react-dom cache-miss
25 http fetch GET 200 https://registry.npmjs.org/react-dom 22ms (cache hit)
26 silly packumentCache full:https://registry.npmjs.org/react-dom set size:7080265 disposed:false
27 silly placeDep ROOT react-router-dom@7.5.0 OK for: my-public-site@0.0.0 want: *
28 silly fetch manifest react-router@7.5.0
29 silly packumentCache full:https://registry.npmjs.org/react-router cache-miss
30 http fetch GET 200 https://registry.npmjs.org/react-router 237ms (cache miss)
31 silly packumentCache full:https://registry.npmjs.org/react-router set size:undefined disposed:false
32 silly fetch manifest react@>=18
33 silly packumentCache full:https://registry.npmjs.org/react cache-miss
34 http fetch GET 200 https://registry.npmjs.org/react 15ms (cache hit)
35 silly packumentCache full:https://registry.npmjs.org/react set size:5606165 disposed:false
36 silly fetch manifest react-dom@>=18
37 silly packumentCache full:https://registry.npmjs.org/react-dom cache-miss
38 http fetch GET 200 https://registry.npmjs.org/react-dom 18ms (cache hit)
39 silly packumentCache full:https://registry.npmjs.org/react-dom set size:7080265 disposed:false
40 silly placeDep ROOT react-router@7.5.0 OK for: react-router-dom@7.5.0 want: 7.5.0
41 silly fetch manifest cookie@^1.0.1
42 silly packumentCache full:https://registry.npmjs.org/cookie cache-miss
43 http fetch GET 200 https://registry.npmjs.org/cookie 85ms (cache miss)
44 silly packumentCache full:https://registry.npmjs.org/cookie set size:undefined disposed:false
45 silly fetch manifest turbo-stream@2.4.0
46 silly packumentCache full:https://registry.npmjs.org/turbo-stream cache-miss
47 http fetch GET 200 https://registry.npmjs.org/turbo-stream 717ms (cache miss)
48 silly packumentCache full:https://registry.npmjs.org/turbo-stream set size:undefined disposed:false
49 silly fetch manifest @types/cookie@^0.6.0
50 silly packumentCache full:https://registry.npmjs.org/@types%2fcookie cache-miss
51 http fetch GET 200 https://registry.npmjs.org/@types%2fcookie 89ms (cache miss)
52 silly packumentCache full:https://registry.npmjs.org/@types%2fcookie set size:undefined disposed:false
53 silly fetch manifest set-cookie-parser@^2.6.0
54 silly packumentCache full:https://registry.npmjs.org/set-cookie-parser cache-miss
55 http fetch GET 200 https://registry.npmjs.org/set-cookie-parser 139ms (cache miss)
56 silly packumentCache full:https://registry.npmjs.org/set-cookie-parser set size:undefined disposed:false
57 silly placeDep ROOT @types/cookie@0.6.0 OK for: react-router@7.5.0 want: ^0.6.0
58 silly placeDep ROOT cookie@1.0.2 OK for: react-router@7.5.0 want: ^1.0.1
59 silly placeDep ROOT set-cookie-parser@2.7.1 OK for: react-router@7.5.0 want: ^2.6.0
60 silly placeDep ROOT turbo-stream@2.4.0 OK for: react-router@7.5.0 want: 2.4.0
61 silly reify moves {}
62 silly audit bulk request {
62 silly audit   '@ampproject/remapping': [ '2.3.0' ],
62 silly audit   '@babel/code-frame': [ '7.26.2' ],
62 silly audit   '@babel/compat-data': [ '7.26.8' ],
62 silly audit   '@babel/core': [ '7.26.10' ],
62 silly audit   '@babel/generator': [ '7.27.0' ],
62 silly audit   '@babel/helper-compilation-targets': [ '7.27.0' ],
62 silly audit   '@babel/helper-module-imports': [ '7.25.9' ],
62 silly audit   '@babel/helper-module-transforms': [ '7.26.0' ],
62 silly audit   '@babel/helper-plugin-utils': [ '7.26.5' ],
62 silly audit   '@babel/helper-string-parser': [ '7.25.9' ],
62 silly audit   '@babel/helper-validator-identifier': [ '7.25.9' ],
62 silly audit   '@babel/helper-validator-option': [ '7.25.9' ],
62 silly audit   '@babel/helpers': [ '7.27.0' ],
62 silly audit   '@babel/parser': [ '7.27.0' ],
62 silly audit   '@babel/plugin-transform-react-jsx-self': [ '7.25.9' ],
62 silly audit   '@babel/plugin-transform-react-jsx-source': [ '7.25.9' ],
62 silly audit   '@babel/template': [ '7.27.0' ],
62 silly audit   '@babel/traverse': [ '7.27.0' ],
62 silly audit   globals: [ '11.12.0', '14.0.0', '15.15.0' ],
62 silly audit   '@babel/types': [ '7.27.0' ],
62 silly audit   '@esbuild/aix-ppc64': [ '0.25.2' ],
62 silly audit   '@esbuild/android-arm': [ '0.25.2' ],
62 silly audit   '@esbuild/android-arm64': [ '0.25.2' ],
62 silly audit   '@esbuild/android-x64': [ '0.25.2' ],
62 silly audit   '@esbuild/darwin-arm64': [ '0.25.2' ],
62 silly audit   '@esbuild/darwin-x64': [ '0.25.2' ],
62 silly audit   '@esbuild/freebsd-arm64': [ '0.25.2' ],
62 silly audit   '@esbuild/freebsd-x64': [ '0.25.2' ],
62 silly audit   '@esbuild/linux-arm': [ '0.25.2' ],
62 silly audit   '@esbuild/linux-arm64': [ '0.25.2' ],
62 silly audit   '@esbuild/linux-ia32': [ '0.25.2' ],
62 silly audit   '@esbuild/linux-loong64': [ '0.25.2' ],
62 silly audit   '@esbuild/linux-mips64el': [ '0.25.2' ],
62 silly audit   '@esbuild/linux-ppc64': [ '0.25.2' ],
62 silly audit   '@esbuild/linux-riscv64': [ '0.25.2' ],
62 silly audit   '@esbuild/linux-s390x': [ '0.25.2' ],
62 silly audit   '@esbuild/linux-x64': [ '0.25.2' ],
62 silly audit   '@esbuild/netbsd-arm64': [ '0.25.2' ],
62 silly audit   '@esbuild/netbsd-x64': [ '0.25.2' ],
62 silly audit   '@esbuild/openbsd-arm64': [ '0.25.2' ],
62 silly audit   '@esbuild/openbsd-x64': [ '0.25.2' ],
62 silly audit   '@esbuild/sunos-x64': [ '0.25.2' ],
62 silly audit   '@esbuild/win32-arm64': [ '0.25.2' ],
62 silly audit   '@esbuild/win32-ia32': [ '0.25.2' ],
62 silly audit   '@esbuild/win32-x64': [ '0.25.2' ],
62 silly audit   '@eslint-community/eslint-utils': [ '4.6.0' ],
62 silly audit   'eslint-visitor-keys': [ '3.4.3', '4.2.0' ],
62 silly audit   '@eslint-community/regexpp': [ '4.12.1' ],
62 silly audit   '@eslint/config-array': [ '0.20.0' ],
62 silly audit   '@eslint/config-helpers': [ '0.2.1' ],
62 silly audit   '@eslint/core': [ '0.12.0', '0.13.0' ],
62 silly audit   '@eslint/eslintrc': [ '3.3.1' ],
62 silly audit   '@eslint/js': [ '9.24.0' ],
62 silly audit   '@eslint/object-schema': [ '2.1.6' ],
62 silly audit   '@eslint/plugin-kit': [ '0.2.8' ],
62 silly audit   '@humanfs/core': [ '0.19.1' ],
62 silly audit   '@humanfs/node': [ '0.16.6' ],
62 silly audit   '@humanwhocodes/retry': [ '0.3.1', '0.4.2' ],
62 silly audit   '@humanwhocodes/module-importer': [ '1.0.1' ],
62 silly audit   '@jridgewell/gen-mapping': [ '0.3.8' ],
62 silly audit   '@jridgewell/resolve-uri': [ '3.1.2' ],
62 silly audit   '@jridgewell/set-array': [ '1.2.1' ],
62 silly audit   '@jridgewell/sourcemap-codec': [ '1.5.0' ],
62 silly audit   '@jridgewell/trace-mapping': [ '0.3.25' ],
62 silly audit   '@rollup/rollup-android-arm-eabi': [ '4.40.0' ],
62 silly audit   '@rollup/rollup-android-arm64': [ '4.40.0' ],
62 silly audit   '@rollup/rollup-darwin-arm64': [ '4.40.0' ],
62 silly audit   '@rollup/rollup-darwin-x64': [ '4.40.0' ],
62 silly audit   '@rollup/rollup-freebsd-arm64': [ '4.40.0' ],
62 silly audit   '@rollup/rollup-freebsd-x64': [ '4.40.0' ],
62 silly audit   '@rollup/rollup-linux-arm-gnueabihf': [ '4.40.0' ],
62 silly audit   '@rollup/rollup-linux-arm-musleabihf': [ '4.40.0' ],
62 silly audit   '@rollup/rollup-linux-arm64-gnu': [ '4.40.0' ],
62 silly audit   '@rollup/rollup-linux-arm64-musl': [ '4.40.0' ],
62 silly audit   '@rollup/rollup-linux-loongarch64-gnu': [ '4.40.0' ],
62 silly audit   '@rollup/rollup-linux-powerpc64le-gnu': [ '4.40.0' ],
62 silly audit   '@rollup/rollup-linux-riscv64-gnu': [ '4.40.0' ],
62 silly audit   '@rollup/rollup-linux-riscv64-musl': [ '4.40.0' ],
62 silly audit   '@rollup/rollup-linux-s390x-gnu': [ '4.40.0' ],
62 silly audit   '@rollup/rollup-linux-x64-gnu': [ '4.40.0' ],
62 silly audit   '@rollup/rollup-linux-x64-musl': [ '4.40.0' ],
62 silly audit   '@rollup/rollup-win32-arm64-msvc': [ '4.40.0' ],
62 silly audit   '@rollup/rollup-win32-ia32-msvc': [ '4.40.0' ],
62 silly audit   '@rollup/rollup-win32-x64-msvc': [ '4.40.0' ],
62 silly audit   '@types/babel__core': [ '7.20.5' ],
62 silly audit   '@types/babel__generator': [ '7.27.0' ],
62 silly audit   '@types/babel__template': [ '7.4.4' ],
62 silly audit   '@types/babel__traverse': [ '7.20.7' ],
62 silly audit   '@types/estree': [ '1.0.7' ],
62 silly audit   '@types/json-schema': [ '7.0.15' ],
62 silly audit   '@types/react': [ '19.1.2' ],
62 silly audit   '@types/react-dom': [ '19.1.2' ],
62 silly audit   '@vitejs/plugin-react': [ '4.4.0' ],
62 silly audit   acorn: [ '8.14.1' ],
62 silly audit   'acorn-jsx': [ '5.3.2' ],
62 silly audit   ajv: [ '6.12.6' ],
62 silly audit   'ansi-styles': [ '4.3.0' ],
62 silly audit   argparse: [ '2.0.1' ],
62 silly audit   'balanced-match': [ '1.0.2' ],
62 silly audit   'brace-expansion': [ '1.1.11' ],
62 silly audit   browserslist: [ '4.24.4' ],
62 silly audit   callsites: [ '3.1.0' ],
62 silly audit   'caniuse-lite': [ '1.0.30001713' ],
62 silly audit   chalk: [ '4.1.2' ],
62 silly audit   'color-convert': [ '2.0.1' ],
62 silly audit   'color-name': [ '1.1.4' ],
62 silly audit   'concat-map': [ '0.0.1' ],
62 silly audit   'convert-source-map': [ '2.0.0' ],
62 silly audit   'cross-spawn': [ '7.0.6' ],
62 silly audit   csstype: [ '3.1.3' ],
62 silly audit   debug: [ '4.4.0' ],
62 silly audit   'deep-is': [ '0.1.4' ],
62 silly audit   'electron-to-chromium': [ '1.5.137' ],
62 silly audit   esbuild: [ '0.25.2' ],
62 silly audit   escalade: [ '3.2.0' ],
62 silly audit   'escape-string-regexp': [ '4.0.0' ],
62 silly audit   eslint: [ '9.24.0' ],
62 silly audit   'eslint-plugin-react-hooks': [ '5.2.0' ],
62 silly audit   'eslint-plugin-react-refresh': [ '0.4.19' ],
62 silly audit   'eslint-scope': [ '8.3.0' ],
62 silly audit   espree: [ '10.3.0' ],
62 silly audit   esquery: [ '1.6.0' ],
62 silly audit   esrecurse: [ '4.3.0' ],
62 silly audit   estraverse: [ '5.3.0' ],
62 silly audit   esutils: [ '2.0.3' ],
62 silly audit   'fast-deep-equal': [ '3.1.3' ],
62 silly audit   'fast-json-stable-stringify': [ '2.1.0' ],
62 silly audit   'fast-levenshtein': [ '2.0.6' ],
62 silly audit   'file-entry-cache': [ '8.0.0' ],
62 silly audit   'find-up': [ '5.0.0' ],
62 silly audit   'flat-cache': [ '4.0.1' ],
62 silly audit   flatted: [ '3.3.3' ],
62 silly audit   fsevents: [ '2.3.3' ],
62 silly audit   gensync: [ '1.0.0-beta.2' ],
62 silly audit   'glob-parent': [ '6.0.2' ],
62 silly audit   'has-flag': [ '4.0.0' ],
62 silly audit   ignore: [ '5.3.2' ],
62 silly audit   'import-fresh': [ '3.3.1' ],
62 silly audit   imurmurhash: [ '0.1.4' ],
62 silly audit   'is-extglob': [ '2.1.1' ],
62 silly audit   'is-glob': [ '4.0.3' ],
62 silly audit   isexe: [ '2.0.0' ],
62 silly audit   'js-tokens': [ '4.0.0' ],
62 silly audit   'js-yaml': [ '4.1.0' ],
62 silly audit   jsesc: [ '3.1.0' ],
62 silly audit   'json-buffer': [ '3.0.1' ],
62 silly audit   'json-schema-traverse': [ '0.4.1' ],
62 silly audit   'json-stable-stringify-without-jsonify': [ '1.0.1' ],
62 silly audit   json5: [ '2.2.3' ],
62 silly audit   keyv: [ '4.5.4' ],
62 silly audit   levn: [ '0.4.1' ],
62 silly audit   'locate-path': [ '6.0.0' ],
62 silly audit   'lodash.merge': [ '4.6.2' ],
62 silly audit   'lru-cache': [ '5.1.1' ],
62 silly audit   minimatch: [ '3.1.2' ],
62 silly audit   ms: [ '2.1.3' ],
62 silly audit   nanoid: [ '3.3.11' ],
62 silly audit   'natural-compare': [ '1.4.0' ],
62 silly audit   'node-releases': [ '2.0.19' ],
62 silly audit   optionator: [ '0.9.4' ],
62 silly audit   'p-limit': [ '3.1.0' ],
62 silly audit   'p-locate': [ '5.0.0' ],
62 silly audit   'parent-module': [ '1.0.1' ],
62 silly audit   'path-exists': [ '4.0.0' ],
62 silly audit   'path-key': [ '3.1.1' ],
62 silly audit   picocolors: [ '1.1.1' ],
62 silly audit   postcss: [ '8.5.3' ],
62 silly audit   'prelude-ls': [ '1.2.1' ],
62 silly audit   punycode: [ '2.3.1' ],
62 silly audit   react: [ '19.1.0' ],
62 silly audit   'react-dom': [ '19.1.0' ],
62 silly audit   'react-refresh': [ '0.17.0' ],
62 silly audit   'resolve-from': [ '4.0.0' ],
62 silly audit   rollup: [ '4.40.0' ],
62 silly audit   scheduler: [ '0.26.0' ],
62 silly audit   semver: [ '6.3.1' ],
62 silly audit   'shebang-command': [ '2.0.0' ],
62 silly audit   'shebang-regex': [ '3.0.0' ],
62 silly audit   'source-map-js': [ '1.2.1' ],
62 silly audit   'strip-json-comments': [ '3.1.1' ],
62 silly audit   'supports-color': [ '7.2.0' ],
62 silly audit   'type-check': [ '0.4.0' ],
62 silly audit   'update-browserslist-db': [ '1.1.3' ],
62 silly audit   'uri-js': [ '4.4.1' ],
62 silly audit   vite: [ '6.2.6' ],
62 silly audit   which: [ '2.0.2' ],
62 silly audit   'word-wrap': [ '1.2.5' ],
62 silly audit   yallist: [ '3.1.1' ],
62 silly audit   'yocto-queue': [ '0.1.0' ],
62 silly audit   'react-router-dom': [ '7.5.0' ],
62 silly audit   'react-router': [ '7.5.0' ],
62 silly audit   '@types/cookie': [ '0.6.0' ],
62 silly audit   cookie: [ '1.0.2' ],
62 silly audit   'set-cookie-parser': [ '2.7.1' ],
62 silly audit   'turbo-stream': [ '2.4.0' ]
62 silly audit }
63 verbose reify failed optional dependency /home/med/my-public-site/node_modules/fsevents
64 silly reify mark deleted [ '/home/med/my-public-site/node_modules/fsevents' ]
65 verbose reify failed optional dependency /home/med/my-public-site/node_modules/@rollup/rollup-win32-x64-msvc
66 silly reify mark deleted [
66 silly reify   '/home/med/my-public-site/node_modules/@rollup/rollup-win32-x64-msvc'
66 silly reify ]
67 verbose reify failed optional dependency /home/med/my-public-site/node_modules/@rollup/rollup-win32-ia32-msvc
68 silly reify mark deleted [
68 silly reify   '/home/med/my-public-site/node_modules/@rollup/rollup-win32-ia32-msvc'
68 silly reify ]
69 verbose reify failed optional dependency /home/med/my-public-site/node_modules/@rollup/rollup-win32-arm64-msvc
70 silly reify mark deleted [
70 silly reify   '/home/med/my-public-site/node_modules/@rollup/rollup-win32-arm64-msvc'
70 silly reify ]
71 verbose reify failed optional dependency /home/med/my-public-site/node_modules/@rollup/rollup-linux-s390x-gnu
72 silly reify mark deleted [
72 silly reify   '/home/med/my-public-site/node_modules/@rollup/rollup-linux-s390x-gnu'
72 silly reify ]
73 verbose reify failed optional dependency /home/med/my-public-site/node_modules/@rollup/rollup-linux-riscv64-musl
74 silly reify mark deleted [
74 silly reify   '/home/med/my-public-site/node_modules/@rollup/rollup-linux-riscv64-musl'
74 silly reify ]
75 verbose reify failed optional dependency /home/med/my-public-site/node_modules/@rollup/rollup-linux-riscv64-gnu
76 silly reify mark deleted [
76 silly reify   '/home/med/my-public-site/node_modules/@rollup/rollup-linux-riscv64-gnu'
76 silly reify ]
77 verbose reify failed optional dependency /home/med/my-public-site/node_modules/@rollup/rollup-linux-powerpc64le-gnu
78 silly reify mark deleted [
78 silly reify   '/home/med/my-public-site/node_modules/@rollup/rollup-linux-powerpc64le-gnu'
78 silly reify ]
79 verbose reify failed optional dependency /home/med/my-public-site/node_modules/@rollup/rollup-linux-loongarch64-gnu
80 silly reify mark deleted [
80 silly reify   '/home/med/my-public-site/node_modules/@rollup/rollup-linux-loongarch64-gnu'
80 silly reify ]
81 verbose reify failed optional dependency /home/med/my-public-site/node_modules/@rollup/rollup-linux-arm64-musl
82 silly reify mark deleted [
82 silly reify   '/home/med/my-public-site/node_modules/@rollup/rollup-linux-arm64-musl'
82 silly reify ]
83 verbose reify failed optional dependency /home/med/my-public-site/node_modules/@rollup/rollup-linux-arm64-gnu
84 silly reify mark deleted [
84 silly reify   '/home/med/my-public-site/node_modules/@rollup/rollup-linux-arm64-gnu'
84 silly reify ]
85 verbose reify failed optional dependency /home/med/my-public-site/node_modules/@rollup/rollup-linux-arm-musleabihf
86 silly reify mark deleted [
86 silly reify   '/home/med/my-public-site/node_modules/@rollup/rollup-linux-arm-musleabihf'
86 silly reify ]
87 verbose reify failed optional dependency /home/med/my-public-site/node_modules/@rollup/rollup-linux-arm-gnueabihf
88 silly reify mark deleted [
88 silly reify   '/home/med/my-public-site/node_modules/@rollup/rollup-linux-arm-gnueabihf'
88 silly reify ]
89 verbose reify failed optional dependency /home/med/my-public-site/node_modules/@rollup/rollup-freebsd-x64
90 silly reify mark deleted [ '/home/med/my-public-site/node_modules/@rollup/rollup-freebsd-x64' ]
91 verbose reify failed optional dependency /home/med/my-public-site/node_modules/@rollup/rollup-freebsd-arm64
92 silly reify mark deleted [
92 silly reify   '/home/med/my-public-site/node_modules/@rollup/rollup-freebsd-arm64'
92 silly reify ]
93 verbose reify failed optional dependency /home/med/my-public-site/node_modules/@rollup/rollup-darwin-x64
94 silly reify mark deleted [ '/home/med/my-public-site/node_modules/@rollup/rollup-darwin-x64' ]
95 verbose reify failed optional dependency /home/med/my-public-site/node_modules/@rollup/rollup-darwin-arm64
96 silly reify mark deleted [ '/home/med/my-public-site/node_modules/@rollup/rollup-darwin-arm64' ]
97 verbose reify failed optional dependency /home/med/my-public-site/node_modules/@rollup/rollup-android-arm64
98 silly reify mark deleted [
98 silly reify   '/home/med/my-public-site/node_modules/@rollup/rollup-android-arm64'
98 silly reify ]
99 verbose reify failed optional dependency /home/med/my-public-site/node_modules/@rollup/rollup-android-arm-eabi
100 silly reify mark deleted [
100 silly reify   '/home/med/my-public-site/node_modules/@rollup/rollup-android-arm-eabi'
100 silly reify ]
101 verbose reify failed optional dependency /home/med/my-public-site/node_modules/@esbuild/win32-x64
102 silly reify mark deleted [ '/home/med/my-public-site/node_modules/@esbuild/win32-x64' ]
103 verbose reify failed optional dependency /home/med/my-public-site/node_modules/@esbuild/win32-ia32
104 silly reify mark deleted [ '/home/med/my-public-site/node_modules/@esbuild/win32-ia32' ]
105 verbose reify failed optional dependency /home/med/my-public-site/node_modules/@esbuild/win32-arm64
106 silly reify mark deleted [ '/home/med/my-public-site/node_modules/@esbuild/win32-arm64' ]
107 verbose reify failed optional dependency /home/med/my-public-site/node_modules/@esbuild/sunos-x64
108 silly reify mark deleted [ '/home/med/my-public-site/node_modules/@esbuild/sunos-x64' ]
109 verbose reify failed optional dependency /home/med/my-public-site/node_modules/@esbuild/openbsd-x64
110 silly reify mark deleted [ '/home/med/my-public-site/node_modules/@esbuild/openbsd-x64' ]
111 verbose reify failed optional dependency /home/med/my-public-site/node_modules/@esbuild/openbsd-arm64
112 silly reify mark deleted [ '/home/med/my-public-site/node_modules/@esbuild/openbsd-arm64' ]
113 verbose reify failed optional dependency /home/med/my-public-site/node_modules/@esbuild/netbsd-x64
114 silly reify mark deleted [ '/home/med/my-public-site/node_modules/@esbuild/netbsd-x64' ]
115 verbose reify failed optional dependency /home/med/my-public-site/node_modules/@esbuild/netbsd-arm64
116 silly reify mark deleted [ '/home/med/my-public-site/node_modules/@esbuild/netbsd-arm64' ]
117 verbose reify failed optional dependency /home/med/my-public-site/node_modules/@esbuild/linux-s390x
118 silly reify mark deleted [ '/home/med/my-public-site/node_modules/@esbuild/linux-s390x' ]
119 verbose reify failed optional dependency /home/med/my-public-site/node_modules/@esbuild/linux-riscv64
120 silly reify mark deleted [ '/home/med/my-public-site/node_modules/@esbuild/linux-riscv64' ]
121 verbose reify failed optional dependency /home/med/my-public-site/node_modules/@esbuild/linux-ppc64
122 silly reify mark deleted [ '/home/med/my-public-site/node_modules/@esbuild/linux-ppc64' ]
123 verbose reify failed optional dependency /home/med/my-public-site/node_modules/@esbuild/linux-mips64el
124 silly reify mark deleted [ '/home/med/my-public-site/node_modules/@esbuild/linux-mips64el' ]
125 verbose reify failed optional dependency /home/med/my-public-site/node_modules/@esbuild/linux-loong64
126 silly reify mark deleted [ '/home/med/my-public-site/node_modules/@esbuild/linux-loong64' ]
127 verbose reify failed optional dependency /home/med/my-public-site/node_modules/@esbuild/linux-ia32
128 silly reify mark deleted [ '/home/med/my-public-site/node_modules/@esbuild/linux-ia32' ]
129 verbose reify failed optional dependency /home/med/my-public-site/node_modules/@esbuild/linux-arm64
130 silly reify mark deleted [ '/home/med/my-public-site/node_modules/@esbuild/linux-arm64' ]
131 verbose reify failed optional dependency /home/med/my-public-site/node_modules/@esbuild/linux-arm
132 silly reify mark deleted [ '/home/med/my-public-site/node_modules/@esbuild/linux-arm' ]
133 verbose reify failed optional dependency /home/med/my-public-site/node_modules/@esbuild/freebsd-x64
134 silly reify mark deleted [ '/home/med/my-public-site/node_modules/@esbuild/freebsd-x64' ]
135 verbose reify failed optional dependency /home/med/my-public-site/node_modules/@esbuild/freebsd-arm64
136 silly reify mark deleted [ '/home/med/my-public-site/node_modules/@esbuild/freebsd-arm64' ]
137 verbose reify failed optional dependency /home/med/my-public-site/node_modules/@esbuild/darwin-x64
138 silly reify mark deleted [ '/home/med/my-public-site/node_modules/@esbuild/darwin-x64' ]
139 verbose reify failed optional dependency /home/med/my-public-site/node_modules/@esbuild/darwin-arm64
140 silly reify mark deleted [ '/home/med/my-public-site/node_modules/@esbuild/darwin-arm64' ]
141 verbose reify failed optional dependency /home/med/my-public-site/node_modules/@esbuild/android-x64
142 silly reify mark deleted [ '/home/med/my-public-site/node_modules/@esbuild/android-x64' ]
143 verbose reify failed optional dependency /home/med/my-public-site/node_modules/@esbuild/android-arm64
144 silly reify mark deleted [ '/home/med/my-public-site/node_modules/@esbuild/android-arm64' ]
145 verbose reify failed optional dependency /home/med/my-public-site/node_modules/@esbuild/android-arm
146 silly reify mark deleted [ '/home/med/my-public-site/node_modules/@esbuild/android-arm' ]
147 verbose reify failed optional dependency /home/med/my-public-site/node_modules/@esbuild/aix-ppc64
148 silly reify mark deleted [ '/home/med/my-public-site/node_modules/@esbuild/aix-ppc64' ]
149 silly tarball no local data for turbo-stream@https://registry.npmjs.org/turbo-stream/-/turbo-stream-2.4.0.tgz. Extracting by manifest.
150 silly tarball no local data for set-cookie-parser@https://registry.npmjs.org/set-cookie-parser/-/set-cookie-parser-2.7.1.tgz. Extracting by manifest.
151 silly tarball no local data for cookie@https://registry.npmjs.org/cookie/-/cookie-1.0.2.tgz. Extracting by manifest.
152 silly tarball no local data for @types/cookie@https://registry.npmjs.org/@types/cookie/-/cookie-0.6.0.tgz. Extracting by manifest.
153 silly tarball no local data for react-router@https://registry.npmjs.org/react-router/-/react-router-7.5.0.tgz. Extracting by manifest.
154 silly tarball no local data for react-router-dom@https://registry.npmjs.org/react-router-dom/-/react-router-dom-7.5.0.tgz. Extracting by manifest.
155 silly tarball no local data for @rollup/rollup-linux-x64-musl@https://registry.npmjs.org/@rollup/rollup-linux-x64-musl/-/rollup-linux-x64-musl-4.40.0.tgz. Extracting by manifest.
156 http fetch GET 200 https://registry.npmjs.org/set-cookie-parser/-/set-cookie-parser-2.7.1.tgz 147ms (cache miss)
157 http fetch GET 200 https://registry.npmjs.org/react-router-dom/-/react-router-dom-7.5.0.tgz 253ms (cache miss)
158 http fetch GET 200 https://registry.npmjs.org/cookie/-/cookie-1.0.2.tgz 268ms (cache miss)
159 http fetch GET 200 https://registry.npmjs.org/@types/cookie/-/cookie-0.6.0.tgz 268ms (cache miss)
160 http fetch GET 200 https://registry.npmjs.org/turbo-stream/-/turbo-stream-2.4.0.tgz 276ms (cache miss)
161 http fetch POST 200 https://registry.npmjs.org/-/npm/v1/security/advisories/bulk 301ms
162 silly audit report {}
163 http fetch GET 200 https://registry.npmjs.org/react-router/-/react-router-7.5.0.tgz 363ms (cache miss)
164 http fetch GET 200 https://registry.npmjs.org/@rollup/rollup-linux-x64-musl/-/rollup-linux-x64-musl-4.40.0.tgz 438ms (cache miss)
165 silly ADD node_modules/turbo-stream
166 silly ADD node_modules/set-cookie-parser
167 silly ADD node_modules/cookie
168 silly ADD node_modules/@types/cookie
169 silly ADD node_modules/react-router
170 silly ADD node_modules/react-router-dom
171 silly ADD
172 silly ADD
173 silly ADD
174 silly ADD
175 silly ADD node_modules/@rollup/rollup-linux-x64-musl
176 silly ADD
177 silly ADD
178 silly ADD
179 silly ADD
180 silly ADD
181 silly ADD
182 silly ADD
183 silly ADD
184 silly ADD
185 silly ADD
186 silly ADD
187 silly ADD
188 silly ADD
189 silly ADD
190 silly ADD
191 silly ADD
192 silly ADD
193 silly ADD
194 silly ADD
195 silly ADD
196 silly ADD
197 silly ADD
198 silly ADD
199 silly ADD
200 silly ADD
201 silly ADD
202 silly ADD
203 silly ADD
204 silly ADD
205 silly ADD
206 silly ADD
207 silly ADD
208 silly ADD
209 silly ADD
210 silly ADD
211 silly ADD
212 silly ADD
213 silly ADD
214 silly ADD
215 verbose cwd /home/med/my-public-site/src
216 verbose os Linux 5.15.0-136-generic
217 verbose node v20.19.0
218 verbose npm  v10.8.2
219 verbose exit 0
220 info ok
